Started GET "/" for ::1 at 2021-02-08 22:09:59 -0500

ActiveRecord::NoDatabaseError - FATAL:  database "edify_development" does not exist:

Started POST "/__better_errors/f27dfd62e40379ae/variables" for ::1 at 2021-02-08 22:10:00 -0500
Started GET "/" for ::1 at 2021-02-08 22:10:02 -0500

ActiveRecord::NoDatabaseError - FATAL:  database "edify_development" does not exist:

Started POST "/__better_errors/96339413e4adb25f/variables" for ::1 at 2021-02-08 22:10:03 -0500
  [1m[35m (318.0ms)[0m  [1m[35mCREATE DATABASE "edify_development" ENCODING = 'unicode'[0m
  ↳ bin/rails:9
  [1m[35m (179.8ms)[0m  [1m[35mCREATE DATABASE "edify_test" ENCODING = 'unicode'[0m
  ↳ bin/rails:9
Started GET "/" for ::1 at 2021-02-08 22:10:32 -0500
Processing by StaticPagesController#root as HTML
  Rendering static_pages/root.html.erb within layouts/application
  Rendered static_pages/root.html.erb within layouts/application (1.8ms)
Completed 200 OK in 1973ms (Views: 1962.0ms | ActiveRecord: 0.0ms)


  [1m[35m (1548.9ms)[0m  [1m[35mCREATE TABLE "schema_migrations" ("version" character varying NOT NULL PRIMARY KEY)[0m
  ↳ bin/rails:9
  [1m[35m (92.1ms)[0m  [1m[35mCREATE TABLE "ar_internal_metadata" ("key" character varying NOT NULL PRIMARY KEY, "value" character varying, "created_at" timestamp NOT NULL, "updated_at" timestamp NOT NULL)[0m
  ↳ bin/rails:9
  [1m[35m (53.7ms)[0m  [1m[34mSELECT pg_try_advisory_lock(2044507765404154575)[0m
  ↳ bin/rails:9
  [1m[35m (11.5ms)[0m  [1m[34mSELECT "schema_migrations"."version" FROM "schema_migrations" ORDER BY "schema_migrations"."version" ASC[0m
  ↳ bin/rails:9
Migrating to CreateUsers (20210209043420)
  [1m[35m (11.3ms)[0m  [1m[35mBEGIN[0m
  ↳ bin/rails:9
  [1m[35m (169.4ms)[0m  [1m[35mCREATE TABLE "users" ("id" bigserial primary key, "username" character varying NOT NULL, "email" character varying NOT NULL, "session_token" character varying NOT NULL, "password_digest" character varying NOT NULL, "created_at" timestamp NOT NULL, "updated_at" timestamp NOT NULL)[0m
  ↳ db/migrate/20210209043420_create_users.rb:3
  [1m[35m (46.4ms)[0m  [1m[35mCREATE UNIQUE INDEX  "index_users_on_username" ON "users"  ("username")[0m
  ↳ db/migrate/20210209043420_create_users.rb:10
  [1m[35m (50.3ms)[0m  [1m[35mCREATE UNIQUE INDEX  "index_users_on_email" ON "users"  ("email")[0m
  ↳ db/migrate/20210209043420_create_users.rb:11
  [1m[35m (14.3ms)[0m  [1m[35mCREATE UNIQUE INDEX  "index_users_on_session_token" ON "users"  ("session_token")[0m
  ↳ db/migrate/20210209043420_create_users.rb:12
  [1m[36mActiveRecord::SchemaMigration Create (142.7ms)[0m  [1m[32mINSERT INTO "schema_migrations" ("version") VALUES ($1) RETURNING "version"[0m  [["version", "20210209043420"]]
  ↳ bin/rails:9
  [1m[35m (4.2ms)[0m  [1m[35mCOMMIT[0m
  ↳ bin/rails:9
  [1m[36mActiveRecord::InternalMetadata Load (0.9ms)[0m  [1m[34mSELECT  "ar_internal_metadata".* FROM "ar_internal_metadata" WHERE "ar_internal_metadata"."key" = $1 LIMIT $2[0m  [["key", "environment"], ["LIMIT", 1]]
  ↳ bin/rails:9
  [1m[35m (0.8ms)[0m  [1m[35mBEGIN[0m
  ↳ bin/rails:9
  [1m[36mActiveRecord::InternalMetadata Create (16.5ms)[0m  [1m[32mINSERT INTO "ar_internal_metadata" ("key", "value", "created_at", "updated_at") VALUES ($1, $2, $3, $4) RETURNING "key"[0m  [["key", "environment"], ["value", "development"], ["created_at", "2021-02-09 04:38:31.449050"], ["updated_at", "2021-02-09 04:38:31.449050"]]
  ↳ bin/rails:9
  [1m[35m (0.4ms)[0m  [1m[35mCOMMIT[0m
  ↳ bin/rails:9
  [1m[35m (0.7ms)[0m  [1m[34mSELECT pg_advisory_unlock(2044507765404154575)[0m
  ↳ bin/rails:9
  [1m[35m (0.6ms)[0m  [1m[34mSELECT "schema_migrations"."version" FROM "schema_migrations" ORDER BY "schema_migrations"."version" ASC[0m
  ↳ bin/rails:9
Started GET "/" for ::1 at 2021-02-09 01:32:53 -0500
  [1m[35m (1.6ms)[0m  [1m[34mSELECT "schema_migrations"."version" FROM "schema_migrations" ORDER BY "schema_migrations"."version" ASC[0m
  ↳ /Users/Edwin/.rbenv/versions/2.5.1/lib/ruby/gems/2.5.0/gems/activerecord-5.2.4.4/lib/active_record/log_subscriber.rb:98
Processing by StaticPagesController#root as HTML
  Rendering static_pages/root.html.erb within layouts/application
  Rendered static_pages/root.html.erb within layouts/application (0.9ms)
Completed 200 OK in 380ms (Views: 373.1ms | ActiveRecord: 0.0ms)


Started GET "/" for ::1 at 2021-02-09 12:56:41 -0500
Processing by StaticPagesController#root as HTML
  Rendering static_pages/root.html.erb within layouts/application
  Rendered static_pages/root.html.erb within layouts/application (3.4ms)
Completed 200 OK in 290ms (Views: 275.8ms | ActiveRecord: 0.0ms)


Started GET "/" for ::1 at 2021-02-09 13:41:37 -0500
  [1m[35m (1.7ms)[0m  [1m[34mSELECT "schema_migrations"."version" FROM "schema_migrations" ORDER BY "schema_migrations"."version" ASC[0m
  ↳ /Users/Edwin/.rbenv/versions/2.5.1/lib/ruby/gems/2.5.0/gems/activerecord-5.2.4.4/lib/active_record/log_subscriber.rb:98
Processing by StaticPagesController#root as HTML
  Rendering static_pages/root.html.erb within layouts/application
  Rendered static_pages/root.html.erb within layouts/application (2.6ms)
Completed 200 OK in 1262ms (Views: 1252.8ms | ActiveRecord: 0.0ms)


Started GET "/" for ::1 at 2021-02-09 13:41:41 -0500
Processing by StaticPagesController#root as HTML
  Rendering static_pages/root.html.erb within layouts/application
  Rendered static_pages/root.html.erb within layouts/application (0.5ms)
Completed 200 OK in 41ms (Views: 37.6ms | ActiveRecord: 0.0ms)


Started GET "/" for ::1 at 2021-02-09 13:56:10 -0500
Processing by StaticPagesController#root as HTML
  Rendering static_pages/root.html.erb within layouts/application
  Rendered static_pages/root.html.erb within layouts/application (2.5ms)
Completed 200 OK in 107ms (Views: 94.7ms | ActiveRecord: 0.0ms)


Started GET "/" for ::1 at 2021-02-09 14:04:53 -0500
Processing by StaticPagesController#root as HTML
  Rendering static_pages/root.html.erb within layouts/application
  Rendered static_pages/root.html.erb within layouts/application (0.6ms)
Completed 200 OK in 73ms (Views: 69.5ms | ActiveRecord: 0.0ms)


Started GET "/" for ::1 at 2021-02-09 15:40:16 -0500
Processing by StaticPagesController#root as HTML
  Rendering static_pages/root.html.erb within layouts/application
  Rendered static_pages/root.html.erb within layouts/application (2.2ms)
Completed 200 OK in 675ms (Views: 664.8ms | ActiveRecord: 0.0ms)


Started GET "/" for ::1 at 2021-02-09 15:42:24 -0500
Processing by StaticPagesController#root as HTML
  Rendering static_pages/root.html.erb within layouts/application
  Rendered static_pages/root.html.erb within layouts/application (1.0ms)
Completed 200 OK in 912ms (Views: 906.6ms | ActiveRecord: 0.0ms)


Started GET "/" for ::1 at 2021-02-09 15:43:53 -0500
Processing by StaticPagesController#root as HTML
  Rendering static_pages/root.html.erb within layouts/application
  Rendered static_pages/root.html.erb within layouts/application (1.1ms)
Completed 200 OK in 937ms (Views: 929.4ms | ActiveRecord: 0.0ms)


Started GET "/" for ::1 at 2021-02-09 15:45:03 -0500
Processing by StaticPagesController#root as HTML
  Rendering static_pages/root.html.erb within layouts/application
  Rendered static_pages/root.html.erb within layouts/application (0.6ms)
Completed 200 OK in 620ms (Views: 611.1ms | ActiveRecord: 0.0ms)


Started GET "/" for ::1 at 2021-02-09 15:46:40 -0500
Processing by StaticPagesController#root as HTML
  Rendering static_pages/root.html.erb within layouts/application
  Rendered static_pages/root.html.erb within layouts/application (0.8ms)
Completed 200 OK in 652ms (Views: 645.8ms | ActiveRecord: 0.0ms)


Started GET "/" for ::1 at 2021-02-09 15:48:35 -0500
Processing by StaticPagesController#root as HTML
  Rendering static_pages/root.html.erb within layouts/application
  Rendered static_pages/root.html.erb within layouts/application (0.3ms)
Completed 200 OK in 535ms (Views: 527.4ms | ActiveRecord: 0.0ms)


Started GET "/" for ::1 at 2021-02-09 16:03:53 -0500
Processing by StaticPagesController#root as HTML
  Rendering static_pages/root.html.erb within layouts/application
  Rendered static_pages/root.html.erb within layouts/application (1.5ms)
Completed 200 OK in 625ms (Views: 613.1ms | ActiveRecord: 0.0ms)


Started GET "/" for ::1 at 2021-02-09 16:04:07 -0500
Processing by StaticPagesController#root as HTML
  Rendering static_pages/root.html.erb within layouts/application
  Rendered static_pages/root.html.erb within layouts/application (0.6ms)
Completed 200 OK in 66ms (Views: 61.4ms | ActiveRecord: 0.0ms)


Started GET "/" for ::1 at 2021-02-09 16:04:23 -0500
Processing by StaticPagesController#root as HTML
  Rendering static_pages/root.html.erb within layouts/application
  Rendered static_pages/root.html.erb within layouts/application (1.0ms)
Completed 200 OK in 795ms (Views: 791.5ms | ActiveRecord: 0.0ms)


Started GET "/" for ::1 at 2021-02-09 16:05:07 -0500
Processing by StaticPagesController#root as HTML
  Rendering static_pages/root.html.erb within layouts/application
  Rendered static_pages/root.html.erb within layouts/application (1.1ms)
Completed 200 OK in 667ms (Views: 662.4ms | ActiveRecord: 0.0ms)


Started GET "/" for ::1 at 2021-02-09 16:06:34 -0500
Processing by StaticPagesController#root as HTML
  Rendering static_pages/root.html.erb within layouts/application
  Rendered static_pages/root.html.erb within layouts/application (0.7ms)
Completed 200 OK in 60ms (Views: 55.7ms | ActiveRecord: 0.0ms)


Started GET "/" for ::1 at 2021-02-09 16:07:11 -0500
Processing by StaticPagesController#root as HTML
  Rendering static_pages/root.html.erb within layouts/application
  Rendered static_pages/root.html.erb within layouts/application (0.5ms)
Completed 200 OK in 636ms (Views: 630.2ms | ActiveRecord: 0.0ms)


Started GET "/" for ::1 at 2021-02-09 16:53:55 -0500
Processing by StaticPagesController#root as HTML
  Rendering static_pages/root.html.erb within layouts/application
  Rendered static_pages/root.html.erb within layouts/application (2.6ms)
Completed 200 OK in 133ms (Views: 121.8ms | ActiveRecord: 0.0ms)


Started GET "/" for ::1 at 2021-02-09 17:19:19 -0500
Processing by StaticPagesController#root as HTML
  Rendering static_pages/root.html.erb within layouts/application
  Rendered static_pages/root.html.erb within layouts/application (1.7ms)
Completed 200 OK in 221ms (Views: 197.8ms | ActiveRecord: 0.0ms)


Started GET "/" for ::1 at 2021-02-09 17:25:42 -0500
Processing by StaticPagesController#root as HTML
  Rendering static_pages/root.html.erb within layouts/application
  Rendered static_pages/root.html.erb within layouts/application (1.3ms)
Completed 200 OK in 548ms (Views: 540.7ms | ActiveRecord: 0.0ms)


Started GET "/" for ::1 at 2021-02-09 17:30:52 -0500
Processing by StaticPagesController#root as HTML
  Rendering static_pages/root.html.erb within layouts/application
  Rendered static_pages/root.html.erb within layouts/application (2.4ms)
Completed 200 OK in 770ms (Views: 757.8ms | ActiveRecord: 0.0ms)


Started GET "/" for ::1 at 2021-02-09 17:31:10 -0500
Processing by StaticPagesController#root as HTML
  Rendering static_pages/root.html.erb within layouts/application
  Rendered static_pages/root.html.erb within layouts/application (0.6ms)
Completed 200 OK in 660ms (Views: 654.9ms | ActiveRecord: 0.0ms)


Started GET "/" for ::1 at 2021-02-09 17:58:43 -0500
Processing by StaticPagesController#root as HTML
  Rendering static_pages/root.html.erb within layouts/application
  Rendered static_pages/root.html.erb within layouts/application (6.0ms)
Completed 200 OK in 118ms (Views: 106.6ms | ActiveRecord: 0.0ms)


Started GET "/" for ::1 at 2021-02-09 18:00:32 -0500
Processing by StaticPagesController#root as HTML
  Rendering static_pages/root.html.erb within layouts/application
  Rendered static_pages/root.html.erb within layouts/application (1.3ms)
Completed 200 OK in 514ms (Views: 509.7ms | ActiveRecord: 0.0ms)


Started GET "/" for ::1 at 2021-02-09 18:09:08 -0500
Processing by StaticPagesController#root as HTML
  Rendering static_pages/root.html.erb within layouts/application
  Rendered static_pages/root.html.erb within layouts/application (1.6ms)
Completed 200 OK in 600ms (Views: 595.5ms | ActiveRecord: 0.0ms)


Started GET "/" for ::1 at 2021-02-09 18:10:05 -0500
Processing by StaticPagesController#root as HTML
  Rendering static_pages/root.html.erb within layouts/application
  Rendered static_pages/root.html.erb within layouts/application (1.6ms)
Completed 200 OK in 477ms (Views: 473.2ms | ActiveRecord: 0.0ms)


Started GET "/" for ::1 at 2021-02-09 18:14:22 -0500
Processing by StaticPagesController#root as HTML
  Rendering static_pages/root.html.erb within layouts/application
  Rendered static_pages/root.html.erb within layouts/application (0.4ms)
Completed 200 OK in 82ms (Views: 76.8ms | ActiveRecord: 0.0ms)


Started GET "/" for ::1 at 2021-02-09 18:24:27 -0500
Processing by StaticPagesController#root as HTML
  Rendering static_pages/root.html.erb within layouts/application
  Rendered static_pages/root.html.erb within layouts/application (2.6ms)
Completed 200 OK in 67ms (Views: 64.4ms | ActiveRecord: 0.0ms)


Started POST "/api/user" for ::1 at 2021-02-09 18:24:36 -0500

ActionController::RoutingError - uninitialized constant Api:

Started POST "/api/user" for ::1 at 2021-02-09 18:24:38 -0500

ActionController::RoutingError - uninitialized constant Api:

Started GET "/" for ::1 at 2021-02-09 18:27:00 -0500
Processing by StaticPagesController#root as HTML
  Rendering static_pages/root.html.erb within layouts/application
  Rendered static_pages/root.html.erb within layouts/application (0.5ms)
Completed 200 OK in 519ms (Views: 514.2ms | ActiveRecord: 0.0ms)


Started GET "/" for ::1 at 2021-02-09 18:27:03 -0500
Processing by StaticPagesController#root as HTML
  Rendering static_pages/root.html.erb within layouts/application
  Rendered static_pages/root.html.erb within layouts/application (2.7ms)
Completed 200 OK in 68ms (Views: 63.5ms | ActiveRecord: 0.0ms)


Started GET "/" for ::1 at 2021-02-09 18:27:40 -0500
Processing by StaticPagesController#root as HTML
  Rendering static_pages/root.html.erb within layouts/application
  Rendered static_pages/root.html.erb within layouts/application (0.6ms)
Completed 200 OK in 167ms (Views: 161.6ms | ActiveRecord: 0.0ms)


Started GET "/" for ::1 at 2021-02-09 18:29:24 -0500
Processing by StaticPagesController#root as HTML
  Rendering static_pages/root.html.erb within layouts/application
  Rendered static_pages/root.html.erb within layouts/application (0.7ms)
Completed 200 OK in 306ms (Views: 301.0ms | ActiveRecord: 0.0ms)


Started POST "/api/session" for ::1 at 2021-02-09 18:29:32 -0500

ActionController::RoutingError - uninitialized constant Api:

Started POST "/api/user" for ::1 at 2021-02-09 18:29:52 -0500

ActionController::RoutingError - uninitialized constant Api:

Started GET "/" for ::1 at 2021-02-09 18:37:52 -0500
Processing by StaticPagesController#root as HTML
  Rendering static_pages/root.html.erb within layouts/application
  Rendered static_pages/root.html.erb within layouts/application (1.3ms)
Completed 200 OK in 84ms (Views: 77.7ms | ActiveRecord: 0.0ms)


Started POST "/api/user" for ::1 at 2021-02-09 18:37:57 -0500

LoadError - Unable to autoload constant Api::UsersController, expected /Users/Edwin/Desktop/Edify/app/controllers/api/users_controller.rb to define it:

Started GET "/" for ::1 at 2021-02-09 18:38:25 -0500
Processing by StaticPagesController#root as HTML
  Rendering static_pages/root.html.erb within layouts/application
  Rendered static_pages/root.html.erb within layouts/application (0.8ms)
Completed 200 OK in 52ms (Views: 48.9ms | ActiveRecord: 0.0ms)


Started POST "/api/user" for ::1 at 2021-02-09 18:38:29 -0500
Processing by Api::UsersController#create as JSON
  Parameters: {"user"=>{"username"=>"username", "password"=>"[FILTERED]"}}
Can't verify CSRF token authenticity.
Completed 422 Unprocessable Entity in 1ms (ActiveRecord: 0.0ms)



ActionController::InvalidAuthenticityToken - ActionController::InvalidAuthenticityToken:

Started GET "/" for ::1 at 2021-02-09 19:05:35 -0500
Processing by StaticPagesController#root as HTML
  Rendering static_pages/root.html.erb within layouts/application
  Rendered static_pages/root.html.erb within layouts/application (7.1ms)
Completed 200 OK in 145ms (Views: 132.3ms | ActiveRecord: 0.0ms)


Started POST "/api/user" for ::1 at 2021-02-09 19:05:41 -0500
Processing by Api::UsersController#create as JSON
  Parameters: {"user"=>{"username"=>"username", "password"=>"[FILTERED]"}}
Can't verify CSRF token authenticity.
Completed 422 Unprocessable Entity in 6ms (ActiveRecord: 0.0ms)



ActionController::InvalidAuthenticityToken - ActionController::InvalidAuthenticityToken:

Started GET "/" for ::1 at 2021-02-09 19:09:07 -0500
Processing by StaticPagesController#root as HTML
  Rendering static_pages/root.html.erb within layouts/application
  Rendered static_pages/root.html.erb within layouts/application (1.8ms)
Completed 200 OK in 76ms (Views: 70.4ms | ActiveRecord: 0.0ms)


Started POST "/api/session" for ::1 at 2021-02-09 19:09:13 -0500
Processing by Api::SessionsController#create as JSON
  Parameters: {"user"=>{"username"=>"username", "password"=>"[FILTERED]"}}
Can't verify CSRF token authenticity.
Completed 422 Unprocessable Entity in 2ms (ActiveRecord: 0.0ms)



ActionController::InvalidAuthenticityToken - ActionController::InvalidAuthenticityToken:

Started GET "/" for ::1 at 2021-02-09 19:16:13 -0500
  [1m[35m (7.8ms)[0m  [1m[34mSELECT "schema_migrations"."version" FROM "schema_migrations" ORDER BY "schema_migrations"."version" ASC[0m
  ↳ /Users/Edwin/.rbenv/versions/2.5.1/lib/ruby/gems/2.5.0/gems/activerecord-5.2.4.4/lib/active_record/log_subscriber.rb:98
Processing by StaticPagesController#root as HTML
  Rendering static_pages/root.html.erb within layouts/application
  Rendered static_pages/root.html.erb within layouts/application (3.6ms)
Completed 200 OK in 1671ms (Views: 1652.1ms | ActiveRecord: 0.0ms)


Started POST "/api/user" for ::1 at 2021-02-09 19:16:24 -0500
Processing by Api::UsersController#create as JSON
  Parameters: {"user"=>{"username"=>"username", "password"=>"[FILTERED]"}}
Can't verify CSRF token authenticity.
Completed 422 Unprocessable Entity in 2ms (ActiveRecord: 0.0ms)



ActionController::InvalidAuthenticityToken - ActionController::InvalidAuthenticityToken:

Started GET "/" for ::1 at 2021-02-09 19:23:43 -0500
Processing by StaticPagesController#root as HTML
  Rendering static_pages/root.html.erb within layouts/application
  Rendered static_pages/root.html.erb within layouts/application (0.5ms)
Completed 200 OK in 73ms (Views: 69.4ms | ActiveRecord: 0.0ms)


Started POST "/api/user" for ::1 at 2021-02-09 19:23:50 -0500
Processing by Api::UsersController#create as JSON
  Parameters: {"user"=>{"username"=>"username", "password"=>"[FILTERED]"}}
Can't verify CSRF token authenticity.
Completed 422 Unprocessable Entity in 1ms (ActiveRecord: 0.0ms)



ActionController::InvalidAuthenticityToken - ActionController::InvalidAuthenticityToken:

Started GET "/" for ::1 at 2021-02-10 17:48:23 -0500
  [1m[35m (7.9ms)[0m  [1m[34mSELECT "schema_migrations"."version" FROM "schema_migrations" ORDER BY "schema_migrations"."version" ASC[0m
  ↳ /Users/Edwin/.rbenv/versions/2.5.1/lib/ruby/gems/2.5.0/gems/activerecord-5.2.4.4/lib/active_record/log_subscriber.rb:98

ActiveRecord::PendingMigrationError - Migrations are pending. To resolve this issue, run:
        bin/rails db:migrate RAILS_ENV=development:

Started POST "/__better_errors/9d2961858acb46e9/variables" for ::1 at 2021-02-10 17:48:24 -0500
  [1m[35m (0.3ms)[0m  [1m[34mSELECT pg_try_advisory_lock(2044507765404154575)[0m
  ↳ bin/rails:9
  [1m[35m (0.9ms)[0m  [1m[34mSELECT "schema_migrations"."version" FROM "schema_migrations" ORDER BY "schema_migrations"."version" ASC[0m
  ↳ bin/rails:9
Migrating to CreateUsers (20210209043420)
  [1m[35m (0.2ms)[0m  [1m[35mBEGIN[0m
  ↳ bin/rails:9
  [1m[35m (24.7ms)[0m  [1m[35mCREATE TABLE "users" ("id" bigserial primary key, "username" character varying NOT NULL, "email" character varying NOT NULL, "session_token" character varying NOT NULL, "password_digest" character varying NOT NULL, "created_at" timestamp NOT NULL, "updated_at" timestamp NOT NULL)[0m
  ↳ db/migrate/20210209043420_create_users.rb:3
  [1m[35m (0.2ms)[0m  [1m[31mROLLBACK[0m
  ↳ bin/rails:9
  [1m[35m (0.3ms)[0m  [1m[34mSELECT pg_advisory_unlock(2044507765404154575)[0m
  ↳ bin/rails:9
  [1m[35m (7.6ms)[0m  [1m[34mSELECT "schema_migrations"."version" FROM "schema_migrations" ORDER BY "schema_migrations"."version" ASC[0m
  ↳ /Users/Edwin/.rbenv/versions/2.5.1/bin/rake:23
  [1m[35m (0.5ms)[0m  [1m[34mSELECT "ar_internal_metadata"."value" FROM "ar_internal_metadata" WHERE "ar_internal_metadata"."key" = $1[0m  [["key", "environment"]]
  ↳ /Users/Edwin/.rbenv/versions/2.5.1/bin/rake:23
  [1m[35m (0.5ms)[0m  [1m[34mSELECT "schema_migrations"."version" FROM "schema_migrations" ORDER BY "schema_migrations"."version" ASC[0m
  ↳ /Users/Edwin/.rbenv/versions/2.5.1/bin/rake:23
  [1m[35m (0.3ms)[0m  [1m[34mSELECT "ar_internal_metadata"."value" FROM "ar_internal_metadata" WHERE "ar_internal_metadata"."key" = $1[0m  [["key", "environment"]]
  ↳ /Users/Edwin/.rbenv/versions/2.5.1/bin/rake:23
  [1m[35m (0.3ms)[0m  [1m[34mSELECT "schema_migrations"."version" FROM "schema_migrations" ORDER BY "schema_migrations"."version" ASC[0m
  ↳ /Users/Edwin/.rbenv/versions/2.5.1/bin/rake:23
  [1m[35m (0.2ms)[0m  [1m[34mSELECT "ar_internal_metadata"."value" FROM "ar_internal_metadata" WHERE "ar_internal_metadata"."key" = $1[0m  [["key", "environment"]]
  ↳ /Users/Edwin/.rbenv/versions/2.5.1/bin/rake:23
  [1m[35m (73.1ms)[0m  [1m[35mDROP DATABASE IF EXISTS "edify_development"[0m
  ↳ /Users/Edwin/.rbenv/versions/2.5.1/bin/rake:23
  [1m[35m (70.3ms)[0m  [1m[35mDROP DATABASE IF EXISTS "edify_test"[0m
  ↳ /Users/Edwin/.rbenv/versions/2.5.1/bin/rake:23
  [1m[35m (264.4ms)[0m  [1m[35mCREATE DATABASE "edify_development" ENCODING = 'unicode'[0m
  ↳ /Users/Edwin/.rbenv/versions/2.5.1/bin/rake:23
  [1m[35m (137.7ms)[0m  [1m[35mCREATE DATABASE "edify_test" ENCODING = 'unicode'[0m
  ↳ /Users/Edwin/.rbenv/versions/2.5.1/bin/rake:23
  [1m[35m (11.3ms)[0m  [1m[35mCREATE TABLE "schema_migrations" ("version" character varying NOT NULL PRIMARY KEY)[0m
  ↳ /Users/Edwin/.rbenv/versions/2.5.1/bin/rake:23
  [1m[35m (6.2ms)[0m  [1m[35mCREATE TABLE "ar_internal_metadata" ("key" character varying NOT NULL PRIMARY KEY, "value" character varying, "created_at" timestamp NOT NULL, "updated_at" timestamp NOT NULL)[0m
  ↳ /Users/Edwin/.rbenv/versions/2.5.1/bin/rake:23
  [1m[35m (0.4ms)[0m  [1m[34mSELECT pg_try_advisory_lock(2044507765404154575)[0m
  ↳ /Users/Edwin/.rbenv/versions/2.5.1/bin/rake:23
  [1m[35m (1.3ms)[0m  [1m[34mSELECT "schema_migrations"."version" FROM "schema_migrations" ORDER BY "schema_migrations"."version" ASC[0m
  ↳ /Users/Edwin/.rbenv/versions/2.5.1/bin/rake:23
Migrating to CreateUsers (20210209043420)
  [1m[35m (0.3ms)[0m  [1m[35mBEGIN[0m
  ↳ /Users/Edwin/.rbenv/versions/2.5.1/bin/rake:23
  [1m[35m (25.1ms)[0m  [1m[35mCREATE TABLE "users" ("id" bigserial primary key, "username" character varying NOT NULL, "email" character varying NOT NULL, "session_token" character varying NOT NULL, "password_digest" character varying NOT NULL, "created_at" timestamp NOT NULL, "updated_at" timestamp NOT NULL)[0m
  ↳ db/migrate/20210209043420_create_users.rb:3
  [1m[35m (1.6ms)[0m  [1m[35mCREATE UNIQUE INDEX  "index_users_on_username" ON "users"  ("username")[0m
  ↳ db/migrate/20210209043420_create_users.rb:10
  [1m[35m (1.8ms)[0m  [1m[35mCREATE UNIQUE INDEX  "index_users_on_email" ON "users"  ("email")[0m
  ↳ db/migrate/20210209043420_create_users.rb:11
  [1m[35m (1.8ms)[0m  [1m[35mCREATE UNIQUE INDEX  "index_users_on_session_token" ON "users"  ("session_token")[0m
  ↳ db/migrate/20210209043420_create_users.rb:12
  [1m[36mActiveRecord::SchemaMigration Create (3.9ms)[0m  [1m[32mINSERT INTO "schema_migrations" ("version") VALUES ($1) RETURNING "version"[0m  [["version", "20210209043420"]]
  ↳ /Users/Edwin/.rbenv/versions/2.5.1/bin/rake:23
  [1m[35m (0.7ms)[0m  [1m[35mCOMMIT[0m
  ↳ /Users/Edwin/.rbenv/versions/2.5.1/bin/rake:23
  [1m[36mActiveRecord::InternalMetadata Load (0.6ms)[0m  [1m[34mSELECT  "ar_internal_metadata".* FROM "ar_internal_metadata" WHERE "ar_internal_metadata"."key" = $1 LIMIT $2[0m  [["key", "environment"], ["LIMIT", 1]]
  ↳ /Users/Edwin/.rbenv/versions/2.5.1/bin/rake:23
  [1m[35m (0.7ms)[0m  [1m[35mBEGIN[0m
  ↳ /Users/Edwin/.rbenv/versions/2.5.1/bin/rake:23
  [1m[36mActiveRecord::InternalMetadata Create (1.5ms)[0m  [1m[32mINSERT INTO "ar_internal_metadata" ("key", "value", "created_at", "updated_at") VALUES ($1, $2, $3, $4) RETURNING "key"[0m  [["key", "environment"], ["value", "development"], ["created_at", "2021-02-10 22:58:21.073990"], ["updated_at", "2021-02-10 22:58:21.073990"]]
  ↳ /Users/Edwin/.rbenv/versions/2.5.1/bin/rake:23
  [1m[35m (1.1ms)[0m  [1m[35mCOMMIT[0m
  ↳ /Users/Edwin/.rbenv/versions/2.5.1/bin/rake:23
  [1m[35m (0.4ms)[0m  [1m[34mSELECT pg_advisory_unlock(2044507765404154575)[0m
  ↳ /Users/Edwin/.rbenv/versions/2.5.1/bin/rake:23
  [1m[35m (0.7ms)[0m  [1m[34mSELECT "schema_migrations"."version" FROM "schema_migrations" ORDER BY "schema_migrations"."version" ASC[0m
  ↳ /Users/Edwin/.rbenv/versions/2.5.1/bin/rake:23
Started GET "/" for ::1 at 2021-02-10 17:58:54 -0500
  [1m[35m (1.7ms)[0m  [1m[34mSELECT "schema_migrations"."version" FROM "schema_migrations" ORDER BY "schema_migrations"."version" ASC[0m
  ↳ /Users/Edwin/.rbenv/versions/2.5.1/lib/ruby/gems/2.5.0/gems/activerecord-5.2.4.4/lib/active_record/log_subscriber.rb:98
Processing by StaticPagesController#root as HTML
  Rendering static_pages/root.html.erb within layouts/application
  Rendered static_pages/root.html.erb within layouts/application (1.8ms)
Completed 200 OK in 2068ms (Views: 2060.5ms | ActiveRecord: 0.0ms)


Started GET "/" for ::1 at 2021-02-10 17:58:56 -0500
Processing by StaticPagesController#root as HTML
  Rendering static_pages/root.html.erb within layouts/application
  Rendered static_pages/root.html.erb within layouts/application (0.7ms)
Completed 200 OK in 48ms (Views: 45.4ms | ActiveRecord: 0.0ms)


Started POST "/api/user" for ::1 at 2021-02-10 17:59:13 -0500
Processing by Api::UsersController#create as JSON
  Parameters: {"user"=>{"username"=>"username", "email"=>"email.com", "password"=>"[FILTERED]"}}
Can't verify CSRF token authenticity.
Completed 422 Unprocessable Entity in 3ms (ActiveRecord: 0.0ms)



ActionController::InvalidAuthenticityToken - ActionController::InvalidAuthenticityToken:

Started POST "/api/user" for ::1 at 2021-02-10 17:59:18 -0500
Processing by Api::UsersController#create as JSON
  Parameters: {"user"=>{"username"=>"username", "email"=>"email.com", "password"=>"[FILTERED]"}}
Can't verify CSRF token authenticity.
Completed 422 Unprocessable Entity in 1ms (ActiveRecord: 0.0ms)



ActionController::InvalidAuthenticityToken - ActionController::InvalidAuthenticityToken:

Started GET "/" for ::1 at 2021-02-10 17:59:22 -0500
Processing by StaticPagesController#root as HTML
  Rendering static_pages/root.html.erb within layouts/application
  Rendered static_pages/root.html.erb within layouts/application (1.0ms)
Completed 200 OK in 73ms (Views: 67.7ms | ActiveRecord: 0.0ms)


Started GET "/" for ::1 at 2021-02-10 18:05:14 -0500
Processing by StaticPagesController#root as HTML
  Rendering static_pages/root.html.erb within layouts/application
  Rendered static_pages/root.html.erb within layouts/application (1.0ms)
Completed 200 OK in 80ms (Views: 76.4ms | ActiveRecord: 0.0ms)


Started POST "/api/user" for ::1 at 2021-02-10 18:05:25 -0500
Processing by Api::UsersController#create as JSON
  Parameters: {"user"=>{"username"=>"username", "email"=>"email.com", "password"=>"[FILTERED]"}}
  [1m[36mUser Load (23.9ms)[0m  [1m[34mSELECT  "users".* FROM "users" WHERE "users"."session_token" = $1 LIMIT $2[0m  [["session_token", "igWI9T9gstBkhSm6We86hg"], ["LIMIT", 1]]
  ↳ app/models/user.rb:44
  [1m[35m (0.6ms)[0m  [1m[35mBEGIN[0m
  ↳ app/controllers/api/users_controller.rb:7
  [1m[36mUser Exists (0.5ms)[0m  [1m[34mSELECT  1 AS one FROM "users" WHERE "users"."username" = $1 LIMIT $2[0m  [["username", "username"], ["LIMIT", 1]]
  ↳ app/controllers/api/users_controller.rb:7
  [1m[36mUser Create (16.4ms)[0m  [1m[32mINSERT INTO "users" ("username", "email", "session_token", "password_digest", "created_at", "updated_at") VALUES ($1, $2, $3, $4, $5, $6) RETURNING "id"[0m  [["username", "username"], ["email", "email.com"], ["session_token", "igWI9T9gstBkhSm6We86hg"], ["password_digest", "$2a$12$CxkBnAnQpAghfj/KoNvMZezWo9nF4G1XLthDXDuqUym1jHzFlnnq2"], ["created_at", "2021-02-10 23:05:25.790859"], ["updated_at", "2021-02-10 23:05:25.790859"]]
  ↳ app/controllers/api/users_controller.rb:7
  [1m[35m (8.8ms)[0m  [1m[35mCOMMIT[0m
  ↳ app/controllers/api/users_controller.rb:7
  [1m[36mUser Load (0.5ms)[0m  [1m[34mSELECT  "users".* FROM "users" WHERE "users"."session_token" = $1 LIMIT $2[0m  [["session_token", "lCrifR0RTMqngwyDyL7a_A"], ["LIMIT", 1]]
  ↳ app/models/user.rb:44
  [1m[35m (14.9ms)[0m  [1m[35mBEGIN[0m
  ↳ app/models/user.rb:28
  [1m[36mUser Exists (1.4ms)[0m  [1m[34mSELECT  1 AS one FROM "users" WHERE "users"."username" = $1 AND "users"."id" != $2 LIMIT $3[0m  [["username", "username"], ["id", 1], ["LIMIT", 1]]
  ↳ app/models/user.rb:28
  [1m[36mUser Update (0.8ms)[0m  [1m[33mUPDATE "users" SET "session_token" = $1, "updated_at" = $2 WHERE "users"."id" = $3[0m  [["session_token", "lCrifR0RTMqngwyDyL7a_A"], ["updated_at", "2021-02-10 23:05:25.842713"], ["id", 1]]
  ↳ app/models/user.rb:28
  [1m[35m (12.2ms)[0m  [1m[35mCOMMIT[0m
  ↳ app/models/user.rb:28
  Rendering api/users/show.json.jbuilder
  Rendered api/users/_user.json.jbuilder (0.9ms)
  Rendered api/users/show.json.jbuilder (3.7ms)
Completed 200 OK in 453ms (Views: 21.1ms | ActiveRecord: 104.1ms)


Started GET "/" for ::1 at 2021-02-10 18:05:54 -0500
Processing by StaticPagesController#root as HTML
  Rendering static_pages/root.html.erb within layouts/application
  [1m[36mUser Load (5.8ms)[0m  [1m[34mSELECT  "users".* FROM "users" WHERE "users"."session_token" = $1 LIMIT $2[0m  [["session_token", "lCrifR0RTMqngwyDyL7a_A"], ["LIMIT", 1]]
  ↳ app/controllers/application_controller.rb:8
  Rendered api/users/_user.json.jbuilder (0.6ms)
  Rendered static_pages/root.html.erb within layouts/application (19.8ms)
Completed 200 OK in 137ms (Views: 126.4ms | ActiveRecord: 5.8ms)


Started DELETE "/api/session" for ::1 at 2021-02-10 18:05:56 -0500
Processing by Api::SessionsController#destroy as JSON
  [1m[36mUser Load (0.5ms)[0m  [1m[34mSELECT  "users".* FROM "users" WHERE "users"."session_token" = $1 LIMIT $2[0m  [["session_token", "lCrifR0RTMqngwyDyL7a_A"], ["LIMIT", 1]]
  ↳ app/controllers/application_controller.rb:8
  [1m[36mUser Load (0.8ms)[0m  [1m[34mSELECT  "users".* FROM "users" WHERE "users"."session_token" = $1 LIMIT $2[0m  [["session_token", "kz-5tdqw2Dqk2pamgfxl_A"], ["LIMIT", 1]]
  ↳ app/models/user.rb:44
  [1m[35m (1.7ms)[0m  [1m[35mBEGIN[0m
  ↳ app/models/user.rb:28
  [1m[36mUser Exists (0.9ms)[0m  [1m[34mSELECT  1 AS one FROM "users" WHERE "users"."username" = $1 AND "users"."id" != $2 LIMIT $3[0m  [["username", "username"], ["id", 1], ["LIMIT", 1]]
  ↳ app/models/user.rb:28
  [1m[36mUser Update (1.7ms)[0m  [1m[33mUPDATE "users" SET "session_token" = $1, "updated_at" = $2 WHERE "users"."id" = $3[0m  [["session_token", "kz-5tdqw2Dqk2pamgfxl_A"], ["updated_at", "2021-02-10 23:05:56.727216"], ["id", 1]]
  ↳ app/models/user.rb:28
  [1m[35m (5.4ms)[0m  [1m[35mCOMMIT[0m
  ↳ app/models/user.rb:28
  Rendering api/users/show.json.jbuilder
  Rendered api/users/_user.json.jbuilder (0.3ms)
  Rendered api/users/show.json.jbuilder (3.4ms)
Completed 200 OK in 42ms (Views: 19.0ms | ActiveRecord: 11.1ms)


Started POST "/api/session" for ::1 at 2021-02-10 18:06:01 -0500
Processing by Api::SessionsController#create as JSON
  Parameters: {"user"=>{"username"=>"username", "email"=>"", "password"=>"[FILTERED]"}}
  [1m[36mUser Load (0.4ms)[0m  [1m[34mSELECT  "users".* FROM "users" WHERE "users"."username" = $1 LIMIT $2[0m  [["username", "username"], ["LIMIT", 1]]
  ↳ app/models/user.rb:12
  [1m[36mUser Load (0.6ms)[0m  [1m[34mSELECT  "users".* FROM "users" WHERE "users"."session_token" = $1 LIMIT $2[0m  [["session_token", "QT9NfVW1rmiUIMui3WhCRQ"], ["LIMIT", 1]]
  ↳ app/models/user.rb:44
  [1m[35m (0.2ms)[0m  [1m[35mBEGIN[0m
  ↳ app/models/user.rb:28
  [1m[36mUser Exists (0.6ms)[0m  [1m[34mSELECT  1 AS one FROM "users" WHERE "users"."username" = $1 AND "users"."id" != $2 LIMIT $3[0m  [["username", "username"], ["id", 1], ["LIMIT", 1]]
  ↳ app/models/user.rb:28
  [1m[36mUser Update (2.1ms)[0m  [1m[33mUPDATE "users" SET "session_token" = $1, "updated_at" = $2 WHERE "users"."id" = $3[0m  [["session_token", "QT9NfVW1rmiUIMui3WhCRQ"], ["updated_at", "2021-02-10 23:06:01.353140"], ["id", 1]]
  ↳ app/models/user.rb:28
  [1m[35m (0.4ms)[0m  [1m[35mCOMMIT[0m
  ↳ app/models/user.rb:28
  Rendering api/users/show.json.jbuilder
  Rendered api/users/_user.json.jbuilder (0.3ms)
  Rendered api/users/show.json.jbuilder (1.5ms)
Completed 200 OK in 316ms (Views: 14.7ms | ActiveRecord: 4.4ms)


  [1m[35m (0.5ms)[0m  [1m[34mSELECT pg_try_advisory_lock(2044507765404154575)[0m
  ↳ bin/rails:9
  [1m[35m (1.2ms)[0m  [1m[34mSELECT "schema_migrations"."version" FROM "schema_migrations" ORDER BY "schema_migrations"."version" ASC[0m
  ↳ bin/rails:9
  [1m[36mActiveRecord::InternalMetadata Load (0.8ms)[0m  [1m[34mSELECT  "ar_internal_metadata".* FROM "ar_internal_metadata" WHERE "ar_internal_metadata"."key" = $1 LIMIT $2[0m  [["key", "environment"], ["LIMIT", 1]]
  ↳ bin/rails:9
  [1m[35m (0.5ms)[0m  [1m[35mBEGIN[0m
  ↳ bin/rails:9
  [1m[35m (0.4ms)[0m  [1m[35mCOMMIT[0m
  ↳ bin/rails:9
  [1m[35m (0.5ms)[0m  [1m[34mSELECT pg_advisory_unlock(2044507765404154575)[0m
  ↳ bin/rails:9
  [1m[35m (1.9ms)[0m  [1m[34mSELECT "schema_migrations"."version" FROM "schema_migrations" ORDER BY "schema_migrations"."version" ASC[0m
  ↳ bin/rails:9
  [1m[35m (1.7ms)[0m  [1m[34mSELECT "schema_migrations"."version" FROM "schema_migrations" ORDER BY "schema_migrations"."version" ASC[0m
  ↳ bin/rails:9
  [1m[35m (0.6ms)[0m  [1m[34mSELECT "ar_internal_metadata"."value" FROM "ar_internal_metadata" WHERE "ar_internal_metadata"."key" = $1[0m  [["key", "environment"]]
  ↳ bin/rails:9
  [1m[35m (0.6ms)[0m  [1m[34mSELECT "schema_migrations"."version" FROM "schema_migrations" ORDER BY "schema_migrations"."version" ASC[0m
  ↳ bin/rails:9
  [1m[35m (0.3ms)[0m  [1m[34mSELECT "ar_internal_metadata"."value" FROM "ar_internal_metadata" WHERE "ar_internal_metadata"."key" = $1[0m  [["key", "environment"]]
  ↳ bin/rails:9
  [1m[35m (0.5ms)[0m  [1m[34mSELECT "schema_migrations"."version" FROM "schema_migrations" ORDER BY "schema_migrations"."version" ASC[0m
  ↳ bin/rails:9
  [1m[35m (0.3ms)[0m  [1m[34mSELECT "ar_internal_metadata"."value" FROM "ar_internal_metadata" WHERE "ar_internal_metadata"."key" = $1[0m  [["key", "environment"]]
  ↳ bin/rails:9
  [1m[35m (101.7ms)[0m  [1m[35mDROP DATABASE IF EXISTS "edify_development"[0m
  ↳ bin/rails:9
  [1m[35m (68.2ms)[0m  [1m[35mDROP DATABASE IF EXISTS "edify_test"[0m
  ↳ bin/rails:9
  [1m[35m (271.7ms)[0m  [1m[35mCREATE DATABASE "edify_development" ENCODING = 'unicode'[0m
  ↳ bin/rails:9
  [1m[35m (155.0ms)[0m  [1m[35mCREATE DATABASE "edify_test" ENCODING = 'unicode'[0m
  ↳ bin/rails:9
  [1m[35mSQL (2.3ms)[0m  [1m[35mCREATE EXTENSION IF NOT EXISTS "plpgsql"[0m
  ↳ db/schema.rb:16
  [1m[35m (1.2ms)[0m  [1m[35mDROP TABLE IF EXISTS "users" CASCADE[0m
  ↳ db/schema.rb:18
  [1m[35m (23.4ms)[0m  [1m[35mCREATE TABLE "users" ("id" bigserial primary key, "username" character varying NOT NULL, "email" character varying NOT NULL, "session_token" character varying NOT NULL, "password_digest" character varying NOT NULL, "created_at" timestamp NOT NULL, "updated_at" timestamp NOT NULL)[0m
  ↳ db/schema.rb:18
  [1m[35m (4.0ms)[0m  [1m[35mCREATE UNIQUE INDEX  "index_users_on_email" ON "users"  ("email")[0m
  ↳ db/schema.rb:18
  [1m[35m (4.5ms)[0m  [1m[35mCREATE UNIQUE INDEX  "index_users_on_session_token" ON "users"  ("session_token")[0m
  ↳ db/schema.rb:18
  [1m[35m (2.8ms)[0m  [1m[35mCREATE UNIQUE INDEX  "index_users_on_username" ON "users"  ("username")[0m
  ↳ db/schema.rb:18
  [1m[35m (10.4ms)[0m  [1m[35mCREATE TABLE "schema_migrations" ("version" character varying NOT NULL PRIMARY KEY)[0m
  ↳ db/schema.rb:13
  [1m[35m (4.1ms)[0m  [1m[34mSELECT "schema_migrations"."version" FROM "schema_migrations" ORDER BY "schema_migrations"."version" ASC[0m
  ↳ db/schema.rb:13
  [1m[35m (1.8ms)[0m  [1m[32mINSERT INTO "schema_migrations" (version) VALUES (20210209043420)[0m
  ↳ db/schema.rb:13
  [1m[35m (8.2ms)[0m  [1m[35mCREATE TABLE "ar_internal_metadata" ("key" character varying NOT NULL PRIMARY KEY, "value" character varying, "created_at" timestamp NOT NULL, "updated_at" timestamp NOT NULL)[0m
  ↳ db/schema.rb:13
  [1m[36mActiveRecord::InternalMetadata Load (0.7ms)[0m  [1m[34mSELECT  "ar_internal_metadata".* FROM "ar_internal_metadata" WHERE "ar_internal_metadata"."key" = $1 LIMIT $2[0m  [["key", "environment"], ["LIMIT", 1]]
  ↳ db/schema.rb:13
  [1m[35m (0.6ms)[0m  [1m[35mBEGIN[0m
  ↳ db/schema.rb:13
  [1m[36mActiveRecord::InternalMetadata Create (0.9ms)[0m  [1m[32mINSERT INTO "ar_internal_metadata" ("key", "value", "created_at", "updated_at") VALUES ($1, $2, $3, $4) RETURNING "key"[0m  [["key", "environment"], ["value", "development"], ["created_at", "2021-02-10 23:41:19.583923"], ["updated_at", "2021-02-10 23:41:19.583923"]]
  ↳ db/schema.rb:13
  [1m[35m (0.7ms)[0m  [1m[35mCOMMIT[0m
  ↳ db/schema.rb:13
  [1m[36mActiveRecord::InternalMetadata Load (0.5ms)[0m  [1m[34mSELECT  "ar_internal_metadata".* FROM "ar_internal_metadata" WHERE "ar_internal_metadata"."key" = $1 LIMIT $2[0m  [["key", "environment"], ["LIMIT", 1]]
  ↳ bin/rails:9
  [1m[35m (0.3ms)[0m  [1m[35mBEGIN[0m
  ↳ bin/rails:9
  [1m[35m (0.3ms)[0m  [1m[35mCOMMIT[0m
  ↳ bin/rails:9
  [1m[35mSQL (0.5ms)[0m  [1m[35mCREATE EXTENSION IF NOT EXISTS "plpgsql"[0m
  ↳ db/schema.rb:16
  [1m[35m (0.7ms)[0m  [1m[35mDROP TABLE IF EXISTS "users" CASCADE[0m
  ↳ db/schema.rb:18
  [1m[35m (25.9ms)[0m  [1m[35mCREATE TABLE "users" ("id" bigserial primary key, "username" character varying NOT NULL, "email" character varying NOT NULL, "session_token" character varying NOT NULL, "password_digest" character varying NOT NULL, "created_at" timestamp NOT NULL, "updated_at" timestamp NOT NULL)[0m
  ↳ db/schema.rb:18
  [1m[35m (3.1ms)[0m  [1m[35mCREATE UNIQUE INDEX  "index_users_on_email" ON "users"  ("email")[0m
  ↳ db/schema.rb:18
  [1m[35m (3.5ms)[0m  [1m[35mCREATE UNIQUE INDEX  "index_users_on_session_token" ON "users"  ("session_token")[0m
  ↳ db/schema.rb:18
  [1m[35m (1.7ms)[0m  [1m[35mCREATE UNIQUE INDEX  "index_users_on_username" ON "users"  ("username")[0m
  ↳ db/schema.rb:18
  [1m[35m (4.0ms)[0m  [1m[35mCREATE TABLE "schema_migrations" ("version" character varying NOT NULL PRIMARY KEY)[0m
  ↳ db/schema.rb:13
  [1m[35m (1.8ms)[0m  [1m[34mSELECT "schema_migrations"."version" FROM "schema_migrations" ORDER BY "schema_migrations"."version" ASC[0m
  ↳ db/schema.rb:13
  [1m[35m (6.1ms)[0m  [1m[32mINSERT INTO "schema_migrations" (version) VALUES (20210209043420)[0m
  ↳ db/schema.rb:13
  [1m[35m (7.9ms)[0m  [1m[35mCREATE TABLE "ar_internal_metadata" ("key" character varying NOT NULL PRIMARY KEY, "value" character varying, "created_at" timestamp NOT NULL, "updated_at" timestamp NOT NULL)[0m
  ↳ db/schema.rb:13
  [1m[36mActiveRecord::InternalMetadata Load (0.9ms)[0m  [1m[34mSELECT  "ar_internal_metadata".* FROM "ar_internal_metadata" WHERE "ar_internal_metadata"."key" = $1 LIMIT $2[0m  [["key", "environment"], ["LIMIT", 1]]
  ↳ db/schema.rb:13
  [1m[35m (0.2ms)[0m  [1m[35mBEGIN[0m
  ↳ db/schema.rb:13
  [1m[36mActiveRecord::InternalMetadata Create (0.8ms)[0m  [1m[32mINSERT INTO "ar_internal_metadata" ("key", "value", "created_at", "updated_at") VALUES ($1, $2, $3, $4) RETURNING "key"[0m  [["key", "environment"], ["value", "development"], ["created_at", "2021-02-10 23:41:19.754937"], ["updated_at", "2021-02-10 23:41:19.754937"]]
  ↳ db/schema.rb:13
  [1m[35m (0.4ms)[0m  [1m[35mCOMMIT[0m
  ↳ db/schema.rb:13
  [1m[36mActiveRecord::InternalMetadata Load (0.5ms)[0m  [1m[34mSELECT  "ar_internal_metadata".* FROM "ar_internal_metadata" WHERE "ar_internal_metadata"."key" = $1 LIMIT $2[0m  [["key", "environment"], ["LIMIT", 1]]
  ↳ bin/rails:9
  [1m[35m (1.3ms)[0m  [1m[35mBEGIN[0m
  ↳ bin/rails:9
  [1m[36mActiveRecord::InternalMetadata Update (0.5ms)[0m  [1m[33mUPDATE "ar_internal_metadata" SET "value" = $1, "updated_at" = $2 WHERE "ar_internal_metadata"."key" = $3[0m  [["value", "test"], ["updated_at", "2021-02-10 23:41:19.762933"], ["key", "environment"]]
  ↳ bin/rails:9
  [1m[35m (0.4ms)[0m  [1m[35mCOMMIT[0m
  ↳ bin/rails:9
  [1m[35m (1.9ms)[0m  [1m[34mSELECT "schema_migrations"."version" FROM "schema_migrations" ORDER BY "schema_migrations"."version" ASC[0m
  ↳ bin/rails:9
  [1m[35m (0.3ms)[0m  [1m[34mSELECT pg_try_advisory_lock(2044507765404154575)[0m
  ↳ bin/rails:9
  [1m[35m (7.1ms)[0m  [1m[34mSELECT "schema_migrations"."version" FROM "schema_migrations" ORDER BY "schema_migrations"."version" ASC[0m
  ↳ bin/rails:9
Migrating to AddGenderToUser (20210210234947)
  [1m[35m (0.3ms)[0m  [1m[35mBEGIN[0m
  ↳ bin/rails:9
  [1m[35m (1.1ms)[0m  [1m[35mALTER TABLE "users" ADD "gender" character varying[0m
  ↳ db/migrate/20210210234947_add_gender_to_user.rb:3
  [1m[35m (19.1ms)[0m  [1m[35mALTER TABLE "users" ALTER COLUMN "gender" SET NOT NULL[0m
  ↳ db/migrate/20210210234947_add_gender_to_user.rb:4
  [1m[35m (0.1ms)[0m  [1m[31mROLLBACK[0m
  ↳ bin/rails:9
  [1m[35m (0.3ms)[0m  [1m[34mSELECT pg_advisory_unlock(2044507765404154575)[0m
  ↳ bin/rails:9
  [1m[35m (0.3ms)[0m  [1m[34mSELECT pg_try_advisory_lock(2044507765404154575)[0m
  ↳ bin/rails:9
  [1m[35m (1.1ms)[0m  [1m[34mSELECT "schema_migrations"."version" FROM "schema_migrations" ORDER BY "schema_migrations"."version" ASC[0m
  ↳ bin/rails:9
Migrating to AddGenderToUser (20210210234947)
  [1m[35m (0.2ms)[0m  [1m[35mBEGIN[0m
  ↳ bin/rails:9
  [1m[35m (7.4ms)[0m  [1m[35mALTER TABLE "users" ADD "gender" character varying DEFAULT '' NOT NULL[0m
  ↳ db/migrate/20210210234947_add_gender_to_user.rb:3
  [1m[36mActiveRecord::SchemaMigration Create (0.9ms)[0m  [1m[32mINSERT INTO "schema_migrations" ("version") VALUES ($1) RETURNING "version"[0m  [["version", "20210210234947"]]
  ↳ bin/rails:9
  [1m[35m (5.5ms)[0m  [1m[35mCOMMIT[0m
  ↳ bin/rails:9
  [1m[36mActiveRecord::InternalMetadata Load (0.7ms)[0m  [1m[34mSELECT  "ar_internal_metadata".* FROM "ar_internal_metadata" WHERE "ar_internal_metadata"."key" = $1 LIMIT $2[0m  [["key", "environment"], ["LIMIT", 1]]
  ↳ bin/rails:9
  [1m[35m (0.2ms)[0m  [1m[35mBEGIN[0m
  ↳ bin/rails:9
  [1m[35m (0.2ms)[0m  [1m[35mCOMMIT[0m
  ↳ bin/rails:9
  [1m[35m (0.3ms)[0m  [1m[34mSELECT pg_advisory_unlock(2044507765404154575)[0m
  ↳ bin/rails:9
  [1m[35m (0.8ms)[0m  [1m[34mSELECT "schema_migrations"."version" FROM "schema_migrations" ORDER BY "schema_migrations"."version" ASC[0m
  ↳ bin/rails:9
  [1m[35m (0.3ms)[0m  [1m[34mSELECT pg_try_advisory_lock(2044507765404154575)[0m
  ↳ bin/rails:9
  [1m[35m (1.0ms)[0m  [1m[34mSELECT "schema_migrations"."version" FROM "schema_migrations" ORDER BY "schema_migrations"."version" ASC[0m
  ↳ bin/rails:9
Migrating to RemoveDefaultFromGdner (20210210235423)
  [1m[35m (0.2ms)[0m  [1m[35mBEGIN[0m
  ↳ bin/rails:9
  [1m[35m (0.2ms)[0m  [1m[31mROLLBACK[0m
  ↳ bin/rails:9
  [1m[35m (0.3ms)[0m  [1m[34mSELECT pg_advisory_unlock(2044507765404154575)[0m
  ↳ bin/rails:9
  [1m[35m (0.3ms)[0m  [1m[34mSELECT pg_try_advisory_lock(2044507765404154575)[0m
  ↳ bin/rails:9
  [1m[35m (7.5ms)[0m  [1m[34mSELECT "schema_migrations"."version" FROM "schema_migrations" ORDER BY "schema_migrations"."version" ASC[0m
  ↳ bin/rails:9
Migrating to RemoveDefaultFromGdner (20210210235423)
  [1m[35m (0.2ms)[0m  [1m[35mBEGIN[0m
  ↳ bin/rails:9
  [1m[35m (0.2ms)[0m  [1m[31mROLLBACK[0m
  ↳ bin/rails:9
  [1m[35m (0.3ms)[0m  [1m[34mSELECT pg_advisory_unlock(2044507765404154575)[0m
  ↳ bin/rails:9
  [1m[35m (6.2ms)[0m  [1m[34mSELECT pg_try_advisory_lock(2044507765404154575)[0m
  ↳ bin/rails:9
  [1m[35m (3.9ms)[0m  [1m[34mSELECT "schema_migrations"."version" FROM "schema_migrations" ORDER BY "schema_migrations"."version" ASC[0m
  ↳ bin/rails:9
Migrating to RemoveDefaultFromGdner (20210210235423)
  [1m[35m (0.3ms)[0m  [1m[35mBEGIN[0m
  ↳ bin/rails:9
  [1m[35m (0.3ms)[0m  [1m[31mROLLBACK[0m
  ↳ bin/rails:9
  [1m[35m (0.7ms)[0m  [1m[34mSELECT pg_advisory_unlock(2044507765404154575)[0m
  ↳ bin/rails:9
  [1m[35m (0.3ms)[0m  [1m[34mSELECT pg_try_advisory_lock(2044507765404154575)[0m
  ↳ bin/rails:9
  [1m[35m (1.4ms)[0m  [1m[34mSELECT "schema_migrations"."version" FROM "schema_migrations" ORDER BY "schema_migrations"."version" ASC[0m
  ↳ bin/rails:9
Migrating to RemoveDefaultFromGdner (20210210235423)
  [1m[35m (0.2ms)[0m  [1m[35mBEGIN[0m
  ↳ bin/rails:9
  [1m[35m (30.3ms)[0m  [1m[35mALTER TABLE "users" ALTER COLUMN "gender" SET DEFAULT 'f'[0m
  ↳ db/migrate/20210210235423_remove_default_from_gdner.rb:3
  [1m[36mActiveRecord::SchemaMigration Create (0.5ms)[0m  [1m[32mINSERT INTO "schema_migrations" ("version") VALUES ($1) RETURNING "version"[0m  [["version", "20210210235423"]]
  ↳ bin/rails:9
  [1m[35m (1.5ms)[0m  [1m[35mCOMMIT[0m
  ↳ bin/rails:9
  [1m[36mActiveRecord::InternalMetadata Load (1.2ms)[0m  [1m[34mSELECT  "ar_internal_metadata".* FROM "ar_internal_metadata" WHERE "ar_internal_metadata"."key" = $1 LIMIT $2[0m  [["key", "environment"], ["LIMIT", 1]]
  ↳ bin/rails:9
  [1m[35m (0.6ms)[0m  [1m[35mBEGIN[0m
  ↳ bin/rails:9
  [1m[35m (0.1ms)[0m  [1m[35mCOMMIT[0m
  ↳ bin/rails:9
  [1m[35m (0.2ms)[0m  [1m[34mSELECT pg_advisory_unlock(2044507765404154575)[0m
  ↳ bin/rails:9
  [1m[35m (2.1ms)[0m  [1m[34mSELECT "schema_migrations"."version" FROM "schema_migrations" ORDER BY "schema_migrations"."version" ASC[0m
  ↳ bin/rails:9
  [1m[35m (0.3ms)[0m  [1m[34mSELECT pg_try_advisory_lock(2044507765404154575)[0m
  ↳ bin/rails:9
  [1m[35m (1.3ms)[0m  [1m[34mSELECT "schema_migrations"."version" FROM "schema_migrations" ORDER BY "schema_migrations"."version" ASC[0m
  ↳ bin/rails:9
Migrating to ChangedefaultOnGender (20210211002333)
  [1m[35m (0.7ms)[0m  [1m[35mBEGIN[0m
  ↳ bin/rails:9
  [1m[35m (1.3ms)[0m  [1m[35mALTER TABLE "users" ALTER COLUMN "gender" DROP DEFAULT[0m
  ↳ db/migrate/20210211002333_changedefault_on_gender.rb:3
  [1m[36mActiveRecord::SchemaMigration Create (1.3ms)[0m  [1m[32mINSERT INTO "schema_migrations" ("version") VALUES ($1) RETURNING "version"[0m  [["version", "20210211002333"]]
  ↳ bin/rails:9
  [1m[35m (9.6ms)[0m  [1m[35mCOMMIT[0m
  ↳ bin/rails:9
  [1m[36mActiveRecord::InternalMetadata Load (0.7ms)[0m  [1m[34mSELECT  "ar_internal_metadata".* FROM "ar_internal_metadata" WHERE "ar_internal_metadata"."key" = $1 LIMIT $2[0m  [["key", "environment"], ["LIMIT", 1]]
  ↳ bin/rails:9
  [1m[35m (0.2ms)[0m  [1m[35mBEGIN[0m
  ↳ bin/rails:9
  [1m[35m (0.2ms)[0m  [1m[35mCOMMIT[0m
  ↳ bin/rails:9
  [1m[35m (0.4ms)[0m  [1m[34mSELECT pg_advisory_unlock(2044507765404154575)[0m
  ↳ bin/rails:9
  [1m[35m (0.4ms)[0m  [1m[34mSELECT "schema_migrations"."version" FROM "schema_migrations" ORDER BY "schema_migrations"."version" ASC[0m
  ↳ bin/rails:9
  [1m[35m (0.7ms)[0m  [1m[34mSELECT pg_try_advisory_lock(2044507765404154575)[0m
  ↳ bin/rails:9
  [1m[35m (1.0ms)[0m  [1m[34mSELECT "schema_migrations"."version" FROM "schema_migrations" ORDER BY "schema_migrations"."version" ASC[0m
  ↳ bin/rails:9
Migrating to AddDateToColumn (20210211002416)
  [1m[35m (0.2ms)[0m  [1m[35mBEGIN[0m
  ↳ bin/rails:9
  [1m[35m (1.7ms)[0m  [1m[35mALTER TABLE "users" ADD "birth_date" character varying DEFAULT '' NOT NULL[0m
  ↳ db/migrate/20210211002416_add_date_to_column.rb:3
  [1m[35m (0.7ms)[0m  [1m[35mALTER TABLE "users" ALTER COLUMN "birth_date" DROP DEFAULT[0m
  ↳ db/migrate/20210211002416_add_date_to_column.rb:4
  [1m[36mActiveRecord::SchemaMigration Create (0.5ms)[0m  [1m[32mINSERT INTO "schema_migrations" ("version") VALUES ($1) RETURNING "version"[0m  [["version", "20210211002416"]]
  ↳ bin/rails:9
  [1m[35m (6.4ms)[0m  [1m[35mCOMMIT[0m
  ↳ bin/rails:9
  [1m[36mActiveRecord::InternalMetadata Load (0.5ms)[0m  [1m[34mSELECT  "ar_internal_metadata".* FROM "ar_internal_metadata" WHERE "ar_internal_metadata"."key" = $1 LIMIT $2[0m  [["key", "environment"], ["LIMIT", 1]]
  ↳ bin/rails:9
  [1m[35m (0.2ms)[0m  [1m[35mBEGIN[0m
  ↳ bin/rails:9
  [1m[35m (0.2ms)[0m  [1m[35mCOMMIT[0m
  ↳ bin/rails:9
  [1m[35m (0.3ms)[0m  [1m[34mSELECT pg_advisory_unlock(2044507765404154575)[0m
  ↳ bin/rails:9
  [1m[35m (0.5ms)[0m  [1m[34mSELECT "schema_migrations"."version" FROM "schema_migrations" ORDER BY "schema_migrations"."version" ASC[0m
  ↳ bin/rails:9
  [1m[35m (0.2ms)[0m  [1m[34mSELECT pg_try_advisory_lock(2044507765404154575)[0m
  ↳ bin/rails:9
  [1m[35m (1.0ms)[0m  [1m[34mSELECT "schema_migrations"."version" FROM "schema_migrations" ORDER BY "schema_migrations"."version" ASC[0m
  ↳ bin/rails:9
Migrating to ChangeDateType (20210211002534)
  [1m[35m (0.5ms)[0m  [1m[35mBEGIN[0m
  ↳ bin/rails:9
  [1m[35m (20.9ms)[0m  [1m[35mALTER TABLE "users" ALTER COLUMN "birth_date" TYPE date[0m
  ↳ db/migrate/20210211002534_change_date_type.rb:3
  [1m[35m (0.7ms)[0m  [1m[31mROLLBACK[0m
  ↳ bin/rails:9
  [1m[35m (0.4ms)[0m  [1m[34mSELECT pg_advisory_unlock(2044507765404154575)[0m
  ↳ bin/rails:9
  [1m[35m (0.5ms)[0m  [1m[34mSELECT pg_try_advisory_lock(2044507765404154575)[0m
  ↳ bin/rails:9
  [1m[35m (1.1ms)[0m  [1m[34mSELECT "schema_migrations"."version" FROM "schema_migrations" ORDER BY "schema_migrations"."version" ASC[0m
  ↳ bin/rails:9
Migrating to ChangeDateType (20210211002534)
  [1m[35m (0.2ms)[0m  [1m[35mBEGIN[0m
  ↳ bin/rails:9
  [1m[35m (36.3ms)[0m  [1m[35mALTER TABLE "users" ALTER COLUMN "birth_date" TYPE date USING birth_date::date[0m
  ↳ db/migrate/20210211002534_change_date_type.rb:3
  [1m[35m (0.2ms)[0m  [1m[31mROLLBACK[0m
  ↳ bin/rails:9
  [1m[35m (0.3ms)[0m  [1m[34mSELECT pg_advisory_unlock(2044507765404154575)[0m
  ↳ bin/rails:9
  [1m[35m (0.3ms)[0m  [1m[34mSELECT pg_try_advisory_lock(2044507765404154575)[0m
  ↳ bin/rails:9
  [1m[35m (1.4ms)[0m  [1m[34mSELECT "schema_migrations"."version" FROM "schema_migrations" ORDER BY "schema_migrations"."version" ASC[0m
  ↳ bin/rails:9
Migrating to ChangeDateType (20210211002534)
  [1m[35m (0.2ms)[0m  [1m[35mBEGIN[0m
  ↳ bin/rails:9
  [1m[35m (1.3ms)[0m  [1m[35mALTER TABLE "users" DROP COLUMN "birth_date"[0m
  ↳ db/migrate/20210211002534_change_date_type.rb:3
  [1m[35m (0.5ms)[0m  [1m[35mALTER TABLE "users" ADD "birth_date" date[0m
  ↳ db/migrate/20210211002534_change_date_type.rb:4
  [1m[35m (7.4ms)[0m  [1m[35mALTER TABLE "users" ALTER COLUMN "birth_date" SET NOT NULL[0m
  ↳ db/migrate/20210211002534_change_date_type.rb:5
  [1m[35m (0.2ms)[0m  [1m[31mROLLBACK[0m
  ↳ bin/rails:9
  [1m[35m (3.4ms)[0m  [1m[34mSELECT pg_advisory_unlock(2044507765404154575)[0m
  ↳ bin/rails:9
  [1m[35m (0.3ms)[0m  [1m[34mSELECT pg_try_advisory_lock(2044507765404154575)[0m
  ↳ bin/rails:9
  [1m[35m (1.1ms)[0m  [1m[34mSELECT "schema_migrations"."version" FROM "schema_migrations" ORDER BY "schema_migrations"."version" ASC[0m
  ↳ bin/rails:9
Migrating to ChangeDateType (20210211002534)
  [1m[35m (0.2ms)[0m  [1m[35mBEGIN[0m
  ↳ bin/rails:9
  [1m[35m (1.5ms)[0m  [1m[35mALTER TABLE "users" DROP COLUMN "birth_date"[0m
  ↳ db/migrate/20210211002534_change_date_type.rb:3
  [1m[35m (1.2ms)[0m  [1m[35mALTER TABLE "users" ADD "birth_date" date DEFAULT '2021-02-10' NOT NULL[0m
  ↳ db/migrate/20210211002534_change_date_type.rb:4
  [1m[35m (0.9ms)[0m  [1m[35mALTER TABLE "users" ALTER COLUMN "birth_date" DROP DEFAULT[0m
  ↳ db/migrate/20210211002534_change_date_type.rb:5
  [1m[36mActiveRecord::SchemaMigration Create (0.5ms)[0m  [1m[32mINSERT INTO "schema_migrations" ("version") VALUES ($1) RETURNING "version"[0m  [["version", "20210211002534"]]
  ↳ bin/rails:9
  [1m[35m (6.0ms)[0m  [1m[35mCOMMIT[0m
  ↳ bin/rails:9
  [1m[36mActiveRecord::InternalMetadata Load (2.3ms)[0m  [1m[34mSELECT  "ar_internal_metadata".* FROM "ar_internal_metadata" WHERE "ar_internal_metadata"."key" = $1 LIMIT $2[0m  [["key", "environment"], ["LIMIT", 1]]
  ↳ bin/rails:9
  [1m[35m (0.2ms)[0m  [1m[35mBEGIN[0m
  ↳ bin/rails:9
  [1m[35m (0.6ms)[0m  [1m[35mCOMMIT[0m
  ↳ bin/rails:9
  [1m[35m (0.4ms)[0m  [1m[34mSELECT pg_advisory_unlock(2044507765404154575)[0m
  ↳ bin/rails:9
  [1m[35m (0.3ms)[0m  [1m[34mSELECT "schema_migrations"."version" FROM "schema_migrations" ORDER BY "schema_migrations"."version" ASC[0m
  ↳ bin/rails:9
